<?xml version="1.0" encoding="UTF-8"?>
<!-- Generated by org.testng.reporters.JUnitReportReporter -->
<testsuite hostname="Manoj_Kumar_M" failures="0" tests="1" name="testscripts.Address" time="5.136" errors="0" timestamp="2024-09-15T11:44:53 IST" skipped="0">
  <testcase classname="testscripts.Address" name="addAddress" time="5.136">
    <system-out>
      <![CDATA[Add Address]]>
    </system-out>
  </testcase> <!-- addAddress -->
  <system-out>
    <![CDATA[Open Browser
Login
Add Address
Logout
Close Browser]]>
  </system-out>
</testsuite> <!-- testscripts.Address -->
