<?xml version="1.0" encoding="UTF-8"?>
<!-- Generated by org.testng.reporters.JUnitReportReporter -->
<testsuite hostname="Manoj_Kumar_M" failures="0" tests="1" name="testscripts.RegisterTest" time="12.342" errors="0" timestamp="2024-10-06T12:01:50 IST" skipped="0">
  <testcase classname="testscripts.RegisterTest" name="registerTest" time="12.342">
    <system-out>
      <![CDATA[WelcomePage is Displayed]]>
    </system-out>
  </testcase> <!-- registerTest -->
  <system-out>
    <![CDATA[WelcomePage is Displayed]]>
  </system-out>
</testsuite> <!-- testscripts.RegisterTest -->
