<?xml version="1.0" encoding="UTF-8"?>
<!-- Generated by org.testng.reporters.JUnitReportReporter -->
<testsuite hostname="Manoj_Kumar_M" failures="0" tests="1" name="testscripts.BookingProduct" time="3.733" errors="0" timestamp="2024-10-20T12:19:17 IST" skipped="0">
  <testcase classname="testscripts.BookingProduct" name="bookProduct" time="3.733">
    <system-out>
      <![CDATA[bookProduct is Stareted Execution
bookProduct is Successfully Executed]]>
    </system-out>
  </testcase> <!-- bookProduct -->
  <system-out>
    <![CDATA[Suite is Started
WelcomePage is Displayed
Login
bookProduct is Stareted Execution
bookProduct is Successfully Executed
Logout
Close Browser
WelcomePage is Displayed
Login
deleteAddress is Stareted Execution
Delete Address
deleteAddress is Successfully Executed
Logout
Close Browser
WelcomePage is Displayed
Login
addAddress is Stareted Execution
addAddress is Failed and Screenshot is Captured
Logout
Close Browser]]>
  </system-out>
</testsuite> <!-- testscripts.BookingProduct -->
