<?xml version="1.0" encoding="UTF-8"?>
<!-- Generated by org.testng.reporters.JUnitReportReporter -->
<testsuite hostname="Manoj_Kumar_M" failures="0" tests="5" name="testscripts.FunctionalityTest" time="19.368" errors="0" timestamp="2024-09-29T10:42:46 IST" skipped="0">
  <testcase classname="testscripts.FunctionalityTest" name="personalDetailsTest" time="3.533"/>
  <testcase classname="testscripts.FunctionalityTest" name="personalDetailsTest" time="4.464"/>
  <testcase classname="testscripts.FunctionalityTest" name="personalDetailsTest" time="3.920"/>
  <testcase classname="testscripts.FunctionalityTest" name="personalDetailsTest" time="3.680"/>
  <testcase classname="testscripts.FunctionalityTest" name="personalDetailsTest" time="3.771"/>
  <system-out>
    <![CDATA[WelcomePage is Displayed
Login Page is Displayed
Login
Logout
Login Page is Displayed
Login
Logout
Login Page is Displayed
Login
Logout
Login Page is Displayed
Login
Logout
Login Page is Displayed
Login
Logout
Close Browser]]>
  </system-out>
</testsuite> <!-- testscripts.FunctionalityTest -->
