<?xml version="1.0" encoding="UTF-8"?>
<!-- Generated by org.testng.reporters.JUnitReportReporter -->
<testsuite hostname="Manoj_Kumar_M" failures="0" tests="1" name="testscripts.SearchProduct" time="4.800" errors="0" timestamp="2024-09-21T11:50:16 IST" skipped="0">
  <testcase classname="testscripts.SearchProduct" name="searchProduct" time="4.800">
    <system-out>
      <![CDATA[Search Product]]>
    </system-out>
  </testcase> <!-- searchProduct -->
  <system-out>
    <![CDATA[Open Browser
Open Browser
Open Browser
Login
Book A Product
Login
Delete Address
Login
Update Address
Logout
Close Browser
Logout
Logout
Close Browser
Close Browser
Open Browser
Open Browser
Login
Search Product
Login
Logout
Close Browser
Add Address
Logout
Close Browser]]>
  </system-out>
</testsuite> <!-- testscripts.SearchProduct -->
