<?xml version="1.0" encoding="UTF-8"?>
<!-- Generated by org.testng.reporters.JUnitReportReporter -->
<testsuite hostname="Manoj_Kumar_M" failures="0" tests="1" name="testpackage.TestClass" time="0.764" errors="0" timestamp="2024-10-20T10:11:01 IST" skipped="0">
  <testcase classname="testpackage.TestClass" name="reportTest" time="0.764"/>
</testsuite> <!-- testpackage.TestClass -->
